Setup done...

2023-01-17 22:19:51.622282
0.0

2023-01-17 22:19:54.626560
0.0

2023-01-17 22:19:57.630539
0.0

2023-01-17 22:20:00.634490
0.0

2023-01-17 22:20:03.638486
0.0
Message sent:

2023-01-17 22:20:06.642148
0.0

----------------------------------------

2023-01-18 10:20:15.332382
0.0

2023-01-18 10:20:18.336341
0.0

2023-01-18 10:20:21.340174
0.0

2023-01-18 10:20:24.344116
0.0

2023-01-18 10:20:27.347979
0.0
Message sent:

2023-01-18 10:20:30.351587
0.0

----------------------------------------

2023-01-18 22:20:38.995770
0.0

2023-01-18 22:20:41.999645
0.0

2023-01-18 22:20:45.003561
0.0

2023-01-18 22:20:48.007414
0.0

2023-01-18 22:20:51.011289
0.0
Message sent:

2023-01-18 22:20:54.014921
0.0

----------------------------------------

2023-01-19 10:21:02.661797
0.0

2023-01-19 10:21:05.666083
0.0

2023-01-19 10:21:08.670086
0.0

2023-01-19 10:21:11.674067
0.0

2023-01-19 10:21:14.678061
0.0
Message sent:

2023-01-19 10:21:17.681653
0.0

----------------------------------------

2023-01-19 22:21:26.241530
0.0

2023-01-19 22:21:29.242562
0.0

2023-01-19 22:21:32.246513
0.0

2023-01-19 22:21:35.250465
0.0

2023-01-19 22:21:38.254358
0.0
Message sent:

2023-01-19 22:21:41.258038
0.0

----------------------------------------

2023-01-20 10:21:49.912021
0.0

2023-01-20 10:21:52.915884
0.0

2023-01-20 10:21:55.919784
0.0

2023-01-20 10:21:58.923676
0.0

2023-01-20 10:22:01.927607
0.0
Message sent:

2023-01-20 10:22:04.931226
0.0

----------------------------------------

2023-01-20 22:22:13.568218
0.0

2023-01-20 22:22:16.572169
0.0

2023-01-20 22:22:19.576038
0.0

2023-01-20 22:22:22.579935
0.0

2023-01-20 22:22:25.583852
0.0
Message sent:

2023-01-20 22:22:28.587486
0.0

----------------------------------------

2023-01-21 10:22:37.241738
0.0

2023-01-21 10:22:40.245791
0.0

2023-01-21 10:22:43.250037
0.0

2023-01-21 10:22:46.254079
0.0

2023-01-21 10:22:49.258092
0.0
Message sent:

2023-01-21 10:22:52.261714
0.0

----------------------------------------

2023-01-21 22:23:00.906081
0.0

2023-01-21 22:23:03.910099
0.0

2023-01-21 22:23:06.914090
0.0

2023-01-21 22:23:09.918086
0.0

2023-01-21 22:23:12.922085
0.0
Message sent:

2023-01-21 22:23:15.925545
0.0

----------------------------------------

2023-01-22 10:23:24.502577
0.0

2023-01-22 10:23:27.506519
0.0

2023-01-22 10:23:30.510466
0.0

2023-01-22 10:23:33.514461
0.0

2023-01-22 10:23:36.518353
0.0
Message sent:

2023-01-22 10:23:39.522030
0.0

----------------------------------------

2023-01-22 22:23:48.089749
14.3

2023-01-22 22:23:51.094021
13.9

2023-01-22 22:23:54.098066
13.5

2023-01-22 22:23:57.102026
13.2

2023-01-22 22:24:00.106035
13.0
Message sent:

2023-01-22 22:24:03.109657
13.580000000000002

----------------------------------------

2023-01-23 10:24:09.721802
11.5

2023-01-23 10:24:12.726032
10.6

2023-01-23 10:24:15.730049
10.3

2023-01-23 10:24:18.733992
9.8

2023-01-23 10:24:21.738062
9.1
Message sent:

2023-01-23 10:24:24.741688
10.260000000000002

----------------------------------------

2023-01-23 22:24:31.385737
7.4

2023-01-23 22:24:34.390008
6.7

2023-01-23 22:24:37.394059
5.9

2023-01-23 22:24:40.398043
5.5

2023-01-23 22:24:43.402056
5.1
Message sent:

2023-01-23 22:24:46.405678
6.12

----------------------------------------

2023-01-24 10:24:55.075405
4.2

2023-01-24 10:24:58.079367
3.9

2023-01-24 10:25:01.083230
2.9

2023-01-24 10:25:04.087160
2.5

2023-01-24 10:25:07.091036
2.3
Message sent:

2023-01-24 10:25:10.094675
3.16

----------------------------------------

2023-01-24 22:25:18.649737
8.9

2023-01-24 22:25:21.653802
8.3

2023-01-24 22:25:24.658044
8.4

2023-01-24 22:25:27.662080
8.0

2023-01-24 22:25:30.666096
7.5
Message sent:

2023-01-24 22:25:33.669724
8.22

----------------------------------------

2023-01-25 10:25:42.350827
6.7

2023-01-25 10:25:45.354802
6.1

2023-01-25 10:25:48.358732
5.4

2023-01-25 10:25:51.362684
5.1

2023-01-25 10:25:54.366623
4.4
Message sent:

2023-01-25 10:25:57.370207
5.540000000000001

----------------------------------------

2023-01-25 22:26:06.020870
5.9

2023-01-25 22:26:09.024826
5.9

2023-01-25 22:26:12.028776
4.6

2023-01-25 22:26:15.032696
4.3

2023-01-25 22:26:18.036559
3.7
Message sent:

2023-01-25 22:26:21.040168
4.88

----------------------------------------

2023-01-26 10:26:29.657766
3.5

2023-01-26 10:26:32.661969
4.0

2023-01-26 10:26:35.666070
3.9

2023-01-26 10:26:38.670010
3.0

2023-01-26 10:26:41.674085
2.4
Message sent:

2023-01-26 10:26:44.677712
3.3600000000000003

----------------------------------------

2023-01-26 22:26:53.342926
17.9

2023-01-26 22:26:56.346895
18.1

2023-01-26 22:26:59.350755
17.0

2023-01-26 22:27:02.354639
16.7

2023-01-26 22:27:05.358560
15.7
Message sent:

2023-01-26 22:27:08.362266
17.080000000000002

----------------------------------------

2023-01-27 10:27:15.038783
15.6

2023-01-27 10:27:18.042750
15.9

2023-01-27 10:27:21.046613
15.3

2023-01-27 10:27:24.050586
14.3

2023-01-27 10:27:27.054447
13.5
Message sent:

2023-01-27 10:27:30.058119
14.919999999999998

----------------------------------------

2023-01-27 22:27:36.724683
12.9

2023-01-27 22:27:39.728638
14.1

2023-01-27 22:27:42.732516
13.1

2023-01-27 22:27:45.736428
12.5

2023-01-27 22:27:48.740265
11.3
Message sent:

2023-01-27 22:27:51.743871
12.780000000000001

----------------------------------------

2023-01-28 10:27:58.298075
10.8

2023-01-28 10:28:01.302086
11.2

2023-01-28 10:28:04.306075
10.1

2023-01-28 10:28:07.310098
9.0

2023-01-28 10:28:10.314094
8.3
Message sent:

2023-01-28 10:28:13.317756
9.88

----------------------------------------

2023-01-28 22:28:21.878415
4.3

2023-01-28 22:28:24.882374
6.5

2023-01-28 22:28:27.886387
6.5

2023-01-28 22:28:30.890331
6.3

2023-01-28 22:28:33.894299
5.9
Message sent:

2023-01-28 22:28:36.898014
5.9

----------------------------------------

2023-01-29 10:28:45.524079
4.2

2023-01-29 10:28:48.528051
7.0

2023-01-29 10:28:51.531900
7.1

2023-01-29 10:28:54.535825
6.5

2023-01-29 10:28:57.539759
6.0
Message sent:

2023-01-29 10:29:00.543388
6.159999999999999

----------------------------------------

2023-01-29 22:29:09.193721
5.7

2023-01-29 22:29:12.197798
6.8

2023-01-29 22:29:15.202045
6.7

2023-01-29 22:29:18.206065
6.4

2023-01-29 22:29:21.210093
5.6
Message sent:

2023-01-29 22:29:24.213769
6.24

----------------------------------------

2023-01-30 10:29:32.886321
4.2

2023-01-30 10:29:35.890359
5.3

2023-01-30 10:29:38.894393
4.9

2023-01-30 10:29:41.898316
4.3

2023-01-30 10:29:44.902320
4.1
Message sent:

2023-01-30 10:29:47.905986
4.56

----------------------------------------

2023-01-30 22:29:56.558777
0.6

2023-01-30 22:29:59.562733
3.6

2023-01-30 22:30:02.566599
4.5

2023-01-30 22:30:05.570535
4.1

2023-01-30 22:30:08.574517
3.9
Message sent:

2023-01-30 22:30:11.578219
3.34

----------------------------------------

2023-01-31 10:30:20.217780
9.7

2023-01-31 10:30:23.222003
13.7

2023-01-31 10:30:26.226049
13.9

2023-01-31 10:30:29.229992
12.3

2023-01-31 10:30:32.234074
11.3
Message sent:

2023-01-31 10:30:35.237724
12.179999999999998

----------------------------------------

2023-01-31 22:30:41.877044
6.0

2023-01-31 22:30:44.880920
6.2

2023-01-31 22:30:47.884850
7.4

2023-01-31 22:30:50.888702
7.3

2023-01-31 22:30:53.892597
6.7
Message sent:

2023-01-31 22:30:56.896229
6.720000000000001

----------------------------------------

2023-02-01 10:31:05.558091
6.6

2023-02-01 10:31:08.562114
8.8

2023-02-01 10:31:11.566036
9.5

2023-02-01 10:31:14.570076
9.4

2023-02-01 10:31:17.574060
8.1
Message sent:

2023-02-01 10:31:20.577712
8.48

----------------------------------------

2023-02-01 22:31:29.177771
5.3

2023-02-01 22:31:32.182034
7.8

2023-02-01 22:31:35.186045
8.4

2023-02-01 22:31:38.190070
8.3

2023-02-01 22:31:41.194069
8.0
Message sent:

2023-02-01 22:31:44.197697
7.56

----------------------------------------

2023-02-02 10:31:52.847227
6.4

2023-02-02 10:31:55.851170
8.6

2023-02-02 10:31:58.855104
9.2

2023-02-02 10:32:01.858951
9.8

2023-02-02 10:32:04.862880
8.9
Message sent:

2023-02-02 10:32:07.866519
8.58

----------------------------------------

2023-02-02 22:32:16.438988
2.2

2023-02-02 22:32:19.442928
3.5
Setup done...

2023-02-23 13:47:53.171794
0.0

2023-02-23 13:47:56.176038
0.0

2023-02-23 13:47:59.179986
0.0

2023-02-23 13:48:02.183875
0.0

2023-02-23 13:48:05.187811
0.0
Message sent:

2023-02-23 13:48:08.191418
0.0

----------------------------------------

2023-02-24 01:48:16.882632
0.0

2023-02-24 01:48:19.886969
0.0

2023-02-24 01:48:22.890964
0.0

2023-02-24 01:48:25.894978
0.0

2023-02-24 01:48:28.898979
0.0
Message sent:

2023-02-24 01:48:31.902621
0.0

----------------------------------------

2023-02-24 13:48:40.478692
0.0

2023-02-24 13:48:43.483006
0.0

2023-02-24 13:48:46.487010
0.0

2023-02-24 13:48:49.490999
0.0

2023-02-24 13:48:52.494999
0.0
Message sent:

2023-02-24 13:48:55.498639
0.0

----------------------------------------

2023-02-25 01:49:04.090574
0.0

2023-02-25 01:49:07.091802
0.0

2023-02-25 01:49:10.095740
0.0

2023-02-25 01:49:13.099684
0.0

2023-02-25 01:49:16.103618
0.0
Message sent:

2023-02-25 01:49:19.107214
0.0

----------------------------------------

2023-02-25 13:49:27.779481
0.0

2023-02-25 13:49:30.783445
0.0

2023-02-25 13:49:33.787336
0.0

2023-02-25 13:49:36.791319
0.0

2023-02-25 13:49:39.795243
0.0
Message sent:

2023-02-25 13:49:42.798955
0.0

----------------------------------------

2023-02-26 01:49:51.481295
0.0

2023-02-26 01:49:54.483465
0.0

2023-02-26 01:49:57.487450
0.0

2023-02-26 01:50:00.491349
0.0

2023-02-26 01:50:03.495321
0.0
Message sent:

2023-02-26 01:50:06.499015
0.0

----------------------------------------

2023-02-26 13:50:15.154981
0.0

2023-02-26 13:50:18.158990
0.0

2023-02-26 13:50:21.162949
0.0

2023-02-26 13:50:24.166936
0.0

2023-02-26 13:50:27.170941
0.0
Message sent:

2023-02-26 13:50:30.174592
0.0

----------------------------------------

2023-02-27 01:50:38.853501
0.0

2023-02-27 01:50:41.857432
0.0

2023-02-27 01:50:44.861387
0.0

2023-02-27 01:50:47.865324
0.0

2023-02-27 01:50:50.869185
0.0
Message sent:

2023-02-27 01:50:53.872802
0.0

----------------------------------------

2023-02-27 13:51:02.482703
0.0

2023-02-27 13:51:05.486993
0.0

2023-02-27 13:51:08.490975
0.0

2023-02-27 13:51:11.494935
0.0

2023-02-27 13:51:14.498954
0.0
Message sent:

2023-02-27 13:51:17.502555
0.0

----------------------------------------

2023-02-28 01:51:26.073603
0.0

2023-02-28 01:51:29.075475
0.0

2023-02-28 01:51:32.079375
0.0

2023-02-28 01:51:35.083350
0.0

2023-02-28 01:51:38.087255
0.0
Message sent:

2023-02-28 01:51:41.090923
0.0

----------------------------------------

2023-02-28 13:51:49.739233
0.0

2023-02-28 13:51:52.743285
0.0

2023-02-28 13:51:55.747258
0.0

2023-02-28 13:51:58.751281
0.0

2023-02-28 13:52:01.755270
0.0
Message sent:

2023-02-28 13:52:04.755925
0.0

----------------------------------------

2023-03-01 01:52:13.411240
0.0

2023-03-01 01:52:16.415285
0.0

2023-03-01 01:52:19.419292
0.0

2023-03-01 01:52:22.423305
0.0

2023-03-01 01:52:25.427295
0.0
Message sent:

2023-03-01 01:52:28.431005
0.0

----------------------------------------

2023-03-01 13:52:37.075476
0.0

2023-03-01 13:52:40.079462
0.0

2023-03-01 13:52:43.083475
0.0

2023-03-01 13:52:46.087464
0.0

2023-03-01 13:52:49.091377
0.0
Message sent:

2023-03-01 13:52:52.095067
0.0

----------------------------------------

2023-03-02 01:53:00.722685
0.0

2023-03-02 01:53:03.726926
0.0

2023-03-02 01:53:06.730943
0.0

2023-03-02 01:53:09.734956
0.0

2023-03-02 01:53:12.739055
0.0
Message sent:

2023-03-02 01:53:15.742678
0.0

----------------------------------------

2023-03-02 13:53:24.338588
0.0

2023-03-02 13:53:27.342904
0.0

2023-03-02 13:53:30.346942
0.0

2023-03-02 13:53:33.350963
0.0

2023-03-02 13:53:36.355008
0.0
Message sent:

2023-03-02 13:53:39.358642
0.0

----------------------------------------

2023-03-03 01:53:47.954664
0.0

2023-03-03 01:53:50.958979
0.0

2023-03-03 01:53:53.963007
0.0

2023-03-03 01:53:56.966979
0.0

2023-03-03 01:53:59.970909
0.0
Message sent:

2023-03-03 01:54:02.974542
0.0

----------------------------------------

2023-03-03 13:54:11.565411
0.0

2023-03-03 13:54:14.569356
0.0

2023-03-03 13:54:17.573289
0.0

2023-03-03 13:54:20.575432
0.0

2023-03-03 13:54:23.579445
0.0
Message sent:

2023-03-03 13:54:26.583105
0.0

----------------------------------------

2023-03-04 01:54:35.186686
0.0

2023-03-04 01:54:38.190933
0.0

2023-03-04 01:54:41.194929
0.0

2023-03-04 01:54:44.198986
0.0

2023-03-04 01:54:47.202942
0.0
Message sent:

2023-03-04 01:54:50.206557
0.0

----------------------------------------

2023-03-04 13:54:58.802720
0.0

2023-03-04 13:55:01.806996
0.0

2023-03-04 13:55:04.811004
0.0

2023-03-04 13:55:07.814997
0.0

2023-03-04 13:55:10.819000
0.0
Message sent:

2023-03-04 13:55:13.822632
0.0

----------------------------------------

2023-03-05 01:55:22.478599
0.0

2023-03-05 01:55:25.482972
0.0

2023-03-05 01:55:28.486973
0.0

2023-03-05 01:55:31.491002
0.0

2023-03-05 01:55:34.495003
0.0
Message sent:

2023-03-05 01:55:37.498601
0.0

----------------------------------------

2023-03-05 13:55:46.150684
0.0

2023-03-05 13:55:49.154960
0.0

2023-03-05 13:55:52.158978
0.0

2023-03-05 13:55:55.162987
0.0

2023-03-05 13:55:58.166968
0.0
Message sent:

2023-03-05 13:56:01.170598
0.0

----------------------------------------

2023-03-06 01:56:09.821242
0.0

2023-03-06 01:56:12.825135
0.0

2023-03-06 01:56:15.828167
0.0

2023-03-06 01:56:18.832023
0.0

2023-03-06 01:56:21.835941
0.0
Message sent:

2023-03-06 01:56:24.839585
0.0

----------------------------------------

2023-03-06 13:56:33.507876
0.0

2023-03-06 13:56:36.511851
0.0

2023-03-06 13:56:39.515726
0.0

2023-03-06 13:56:42.519659
0.0

2023-03-06 13:56:45.523604
0.0
Message sent:

2023-03-06 13:56:48.527250
0.0

----------------------------------------

2023-03-07 01:56:57.150667
0.0

2023-03-07 01:57:00.154878
0.0

2023-03-07 01:57:03.158968
0.0

2023-03-07 01:57:06.162973
0.0

2023-03-07 01:57:09.166984
0.0
Message sent:

2023-03-07 01:57:12.170629
0.0

----------------------------------------

2023-03-07 13:57:20.823915
0.0

2023-03-07 13:57:23.827482
0.0

2023-03-07 13:57:26.831455
0.0

2023-03-07 13:57:29.835335
0.0

2023-03-07 13:57:32.839315
0.0
Message sent:

2023-03-07 13:57:35.842974
0.0

----------------------------------------

2023-03-08 01:57:44.524008
0.0

2023-03-08 01:57:47.527967
0.0

2023-03-08 01:57:50.531844
0.0

2023-03-08 01:57:53.535760
0.0

2023-03-08 01:57:56.539624
0.0
Message sent:

2023-03-08 01:57:59.543240
0.0

----------------------------------------

2023-03-08 13:58:08.207322
0.0

2023-03-08 13:58:11.211258
0.0

2023-03-08 13:58:14.215277
0.0

2023-03-08 13:58:17.219290
0.0

2023-03-08 13:58:20.223295
0.0
Message sent:

2023-03-08 13:58:23.227002
0.0

----------------------------------------

2023-03-09 01:58:31.981105
0.0

2023-03-09 01:58:34.985055
0.0

2023-03-09 01:58:37.988964
0.0

2023-03-09 01:58:40.991458
0.0

2023-03-09 01:58:43.995451
0.0
Message sent:

2023-03-09 01:58:46.999113
0.0

----------------------------------------

2023-03-09 13:58:55.649165
0.0

2023-03-09 13:58:58.653123
0.0

2023-03-09 13:59:01.657046
0.0

2023-03-09 13:59:04.660977
0.0

2023-03-09 13:59:07.664891
0.0
Message sent:

2023-03-09 13:59:10.668516
0.0

----------------------------------------

2023-03-10 01:59:19.407442
0.0

2023-03-10 01:59:22.411443
0.0

2023-03-10 01:59:25.415423
0.0

2023-03-10 01:59:28.419315
0.0

2023-03-10 01:59:31.423323
0.0
Message sent:

2023-03-10 01:59:34.426991
0.0

----------------------------------------

2023-03-10 13:59:43.081555
0.0

2023-03-10 13:59:46.085507
0.0

2023-03-10 13:59:49.089377
0.0

2023-03-10 13:59:52.093293
0.0

2023-03-10 13:59:55.097156
0.0
Message sent:

2023-03-10 13:59:58.099186
0.0

----------------------------------------

2023-03-11 02:00:06.686987
0.0

2023-03-11 02:00:09.690923
0.0

2023-03-11 02:00:12.691960
0.0

2023-03-11 02:00:15.695857
0.0

2023-03-11 02:00:18.699768
0.0
Message sent:

2023-03-11 02:00:21.703397
0.0

----------------------------------------

2023-03-11 14:00:30.365922
0.0

2023-03-11 14:00:33.369878
0.0

2023-03-11 14:00:36.373809
0.0

2023-03-11 14:00:39.377719
0.0

2023-03-11 14:00:42.381677
0.0
Message sent:

2023-03-11 14:00:45.385278
0.0

----------------------------------------

2023-03-12 02:00:53.999360
0.0

2023-03-12 02:00:57.003381
0.0

2023-03-12 02:01:00.007357
0.0

2023-03-12 02:01:03.011364
0.0

2023-03-12 02:01:06.015278
0.0
Message sent:

2023-03-12 02:01:09.018943
0.0

----------------------------------------

2023-03-12 14:01:17.680844
0.0

2023-03-12 14:01:20.684725
0.0

2023-03-12 14:01:23.688640
0.0

2023-03-12 14:01:26.692506
0.0

2023-03-12 14:01:29.696391
0.0
Message sent:

2023-03-12 14:01:32.700034
0.0

----------------------------------------

2023-03-13 02:01:41.298653
0.0

2023-03-13 02:01:44.302973
0.0

2023-03-13 02:01:47.306951
0.0

2023-03-13 02:01:50.310966
0.0

2023-03-13 02:01:53.315002
0.0
Message sent:

2023-03-13 02:01:56.318644
0.0

----------------------------------------

2023-03-13 14:02:05.013527
0.0

2023-03-13 14:02:08.017481
0.0

2023-03-13 14:02:11.021430
0.0

2023-03-13 14:02:14.025372
0.0

2023-03-13 14:02:17.029316
0.0
Message sent:

2023-03-13 14:02:20.032954
0.0

----------------------------------------

2023-03-14 02:02:28.804456
0.0

2023-03-14 02:02:31.808439
0.0

2023-03-14 02:02:34.812397
0.0

2023-03-14 02:02:37.816325
0.0

2023-03-14 02:02:40.820288
0.0
Message sent:

2023-03-14 02:02:43.823939
0.0

----------------------------------------

2023-03-14 14:02:52.486428
0.0

2023-03-14 14:02:55.490392
0.0

2023-03-14 14:02:58.494320
0.0

2023-03-14 14:03:01.498249
0.0

2023-03-14 14:03:04.502081
0.0
Message sent:

2023-03-14 14:03:07.505679
0.0

----------------------------------------

2023-03-15 02:03:16.058912
0.0

2023-03-15 02:03:19.059894
0.0

2023-03-15 02:03:22.063802
0.0

2023-03-15 02:03:25.067707
0.0

2023-03-15 02:03:28.071629
0.0
Message sent:

2023-03-15 02:03:31.075310
0.0

----------------------------------------

2023-03-15 14:03:39.743919
0.0

2023-03-15 14:03:42.747873
0.0

2023-03-15 14:03:45.751820
0.0

2023-03-15 14:03:48.755759
0.0

2023-03-15 14:03:51.759658
0.0
Message sent:

2023-03-15 14:03:54.763293
0.0

----------------------------------------

2023-03-16 02:04:03.417631
0.0

2023-03-16 02:04:06.421569
0.0

2023-03-16 02:04:09.425517
0.0

2023-03-16 02:04:12.429426
0.0

2023-03-16 02:04:15.433372
0.0
Message sent:

2023-03-16 02:04:18.436978
0.0

----------------------------------------

2023-03-16 14:04:27.100143
0.0

2023-03-16 14:04:30.104093
0.0

2023-03-16 14:04:33.108027
0.0

2023-03-16 14:04:36.111980
0.0

2023-03-16 14:04:39.115884
0.0
Message sent:

2023-03-16 14:04:42.119528
0.0

----------------------------------------

2023-03-17 02:04:50.834660
0.0

2023-03-17 02:04:53.838955
0.0

2023-03-17 02:04:56.842960
0.0

2023-03-17 02:04:59.846965
0.0

2023-03-17 02:05:02.851005
0.0
Message sent:

2023-03-17 02:05:05.854647
0.0

----------------------------------------

2023-03-17 14:05:14.515785
0.0

2023-03-17 14:05:17.519728
0.0

2023-03-17 14:05:20.523653
0.0

2023-03-17 14:05:23.527610
0.0

2023-03-17 14:05:26.531580
0.0
Message sent:

2023-03-17 14:05:29.535156
0.0

----------------------------------------

2023-03-18 02:05:38.273884
0.0

2023-03-18 02:05:41.277827
0.0

2023-03-18 02:05:44.281754
0.0

2023-03-18 02:05:47.285686
0.0

2023-03-18 02:05:50.289569
0.0
Message sent:

2023-03-18 02:05:53.293194
0.0

----------------------------------------

2023-03-18 14:06:01.957157
0.0

2023-03-18 14:06:04.961028
0.0

2023-03-18 14:06:07.964951
0.0

2023-03-18 14:06:10.968819
0.0

2023-03-18 14:06:13.972745
0.0
Message sent:

2023-03-18 14:06:16.976390
0.0

----------------------------------------

2023-03-19 02:06:25.632992
0.0

2023-03-19 02:06:28.636960
0.0

2023-03-19 02:06:31.640843
0.0

2023-03-19 02:06:34.643501
0.0

2023-03-19 02:06:37.647462
0.0
Message sent:

2023-03-19 02:06:40.651158
0.0

----------------------------------------

2023-03-19 14:06:49.305214
0.0

2023-03-19 14:06:52.309102
0.0

2023-03-19 14:06:55.313013
0.0

2023-03-19 14:06:58.316941
0.0

2023-03-19 14:07:01.320859
0.0
Message sent:

2023-03-19 14:07:04.324487
0.0

----------------------------------------

2023-03-20 02:07:13.020624
0.0

2023-03-20 02:07:16.024589
0.0

2023-03-20 02:07:19.028521
0.0

2023-03-20 02:07:22.032380
0.0

2023-03-20 02:07:25.036293
0.0
Message sent:

2023-03-20 02:07:28.039908
0.0

----------------------------------------

2023-03-20 14:07:36.666980
0.0

2023-03-20 14:07:39.667993
0.0

2023-03-20 14:07:42.671914
0.0

2023-03-20 14:07:45.675872
0.0

2023-03-20 14:07:48.679701
0.0
Message sent:

2023-03-20 14:07:51.683308
0.0

----------------------------------------

2023-03-21 02:08:00.306707
0.0

2023-03-21 02:08:03.310921
0.0

2023-03-21 02:08:06.314949
0.0

2023-03-21 02:08:09.318974
0.0

2023-03-21 02:08:12.322956
0.0
Message sent:

2023-03-21 02:08:15.326580
0.0

----------------------------------------

2023-03-21 14:08:23.980652
0.0

2023-03-21 14:08:26.984600
0.0

2023-03-21 14:08:29.988540
0.0

2023-03-21 14:08:32.992486
0.0

2023-03-21 14:08:35.996433
0.0
Message sent:

2023-03-21 14:08:39.000015
0.0

----------------------------------------

2023-03-22 02:08:47.663380
0.0

2023-03-22 02:08:50.667392
0.0

2023-03-22 02:08:53.671365
0.0

2023-03-22 02:08:56.675338
0.0

2023-03-22 02:08:59.679248
0.0
Message sent:

2023-03-22 02:09:02.682951
0.0

----------------------------------------

2023-03-22 14:09:11.337842
0.0

2023-03-22 14:09:14.341820
0.0

2023-03-22 14:09:17.345759
0.0

2023-03-22 14:09:20.349601
0.0

2023-03-22 14:09:23.353514
0.0
Message sent:

2023-03-22 14:09:26.357144
0.0

----------------------------------------

2023-03-23 02:09:34.938666
0.0

2023-03-23 02:09:37.940044
0.0

2023-03-23 02:09:40.943896
0.0

2023-03-23 02:09:43.947816
0.0

2023-03-23 02:09:46.951757
0.0
Message sent:

2023-03-23 02:09:49.955372
0.0

----------------------------------------

2023-03-23 14:09:58.600181
0.0

2023-03-23 14:10:01.604091
0.0

2023-03-23 14:10:04.608002
0.0

2023-03-23 14:10:07.611925
0.0

2023-03-23 14:10:10.615849
0.0
Message sent:

2023-03-23 14:10:13.619481
0.0

----------------------------------------

2023-03-24 02:10:22.194604
0.0

2023-03-24 02:10:25.198907
0.0

2023-03-24 02:10:28.202916
0.0

2023-03-24 02:10:31.206943
0.0

2023-03-24 02:10:34.210970
0.0
Message sent:

2023-03-24 02:10:37.214570
0.0

----------------------------------------

2023-03-24 14:10:45.851872
0.0

2023-03-24 14:10:48.855809
0.0

2023-03-24 14:10:51.859712
0.0

2023-03-24 14:10:54.863636
0.0

2023-03-24 14:10:57.867552
0.0
Message sent:

2023-03-24 14:11:00.871179
0.0

----------------------------------------

2023-03-25 02:11:09.516761
0.0

2023-03-25 02:11:12.520681
0.0

2023-03-25 02:11:15.524602
0.0

2023-03-25 02:11:18.528483
0.0

2023-03-25 02:11:21.532380
0.0
Message sent:

2023-03-25 02:11:24.536014
0.0

----------------------------------------

2023-03-25 14:11:33.184820
0.0

2023-03-25 14:11:36.188792
0.0

2023-03-25 14:11:39.192695
0.0

2023-03-25 14:11:42.195497
0.0

2023-03-25 14:11:45.199450
0.0
Message sent:

2023-03-25 14:11:48.203162
0.0

----------------------------------------

2023-03-26 02:11:56.849602
0.0

2023-03-26 02:11:59.853550
0.0

2023-03-26 02:12:02.857476
0.0

2023-03-26 02:12:05.861409
0.0

2023-03-26 02:12:08.865255
0.0
Message sent:

2023-03-26 02:12:11.868876
0.0

----------------------------------------

2023-03-26 14:12:20.549526
0.0

2023-03-26 14:12:23.553500
0.0

2023-03-26 14:12:26.557441
0.0

2023-03-26 14:12:29.561342
0.0

2023-03-26 14:12:32.565284
0.0
Message sent:

2023-03-26 14:12:35.568909
0.0

----------------------------------------

2023-03-27 02:12:44.209011
0.0

2023-03-27 02:12:47.212985
0.0

2023-03-27 02:12:50.216847
0.0

2023-03-27 02:12:53.220772
0.0

2023-03-27 02:12:56.223394
0.0
Message sent:

2023-03-27 02:12:59.227066
0.0

----------------------------------------

2023-03-27 14:13:07.826685
0.0

2023-03-27 14:13:10.830911
0.0

2023-03-27 14:13:13.835008
0.0

2023-03-27 14:13:16.838976
0.0

2023-03-27 14:13:19.843011
0.0
Message sent:

2023-03-27 14:13:22.846656
0.0

----------------------------------------

2023-03-28 02:13:31.482977
0.0

2023-03-28 02:13:34.483974
0.0

2023-03-28 02:13:37.487931
0.0

2023-03-28 02:13:40.491844
0.0

2023-03-28 02:13:43.495796
0.0
Message sent:

2023-03-28 02:13:46.499421
0.0

----------------------------------------

2023-03-28 14:13:55.151359
0.0

2023-03-28 14:13:58.156160
0.0

2023-03-28 14:14:01.160123
0.0

2023-03-28 14:14:04.164097
0.0

2023-03-28 14:14:07.167955
0.0
Message sent:

2023-03-28 14:14:10.171576
0.0

----------------------------------------

2023-03-29 02:14:18.799855
0.0

2023-03-29 02:14:21.803728
0.0

2023-03-29 02:14:24.807659
0.0

2023-03-29 02:14:27.811585
0.0

2023-03-29 02:14:30.815519
0.0
Message sent:

2023-03-29 02:14:33.819161
0.0

----------------------------------------

2023-03-29 14:14:42.492263
0.0

2023-03-29 14:14:45.496222
0.0

2023-03-29 14:14:48.500061
0.0

2023-03-29 14:14:51.503958
0.0

2023-03-29 14:14:54.507879
0.0
Message sent:

2023-03-29 14:14:57.511518
0.0

----------------------------------------

2023-03-30 02:15:06.110691
0.0

2023-03-30 02:15:09.114912
0.0

2023-03-30 02:15:12.118911
0.0

2023-03-30 02:15:15.122926
0.0

2023-03-30 02:15:18.126945
0.0
Message sent:

2023-03-30 02:15:21.130576
0.0

----------------------------------------

2023-03-30 14:15:29.755012
0.0

2023-03-30 14:15:32.756024
0.0

2023-03-30 14:15:35.759974
0.0

2023-03-30 14:15:38.763899
0.0

2023-03-30 14:15:41.767846
0.0
Message sent:

2023-03-30 14:15:44.771483
0.0

----------------------------------------

2023-03-31 02:15:53.490994
0.0

2023-03-31 02:15:56.495008
0.0

2023-03-31 02:15:59.498962
0.0

2023-03-31 02:16:02.502983
0.0

2023-03-31 02:16:05.506935
0.0
Message sent:

2023-03-31 02:16:08.510547
0.0

----------------------------------------

2023-03-31 14:16:17.168699
0.0

2023-03-31 14:16:20.172611
0.0

2023-03-31 14:16:23.176554
0.0

2023-03-31 14:16:26.180414
0.0

2023-03-31 14:16:29.184307
0.0
Message sent:

2023-03-31 14:16:32.187941
0.0

----------------------------------------

2023-04-01 02:16:40.783878
0.0

2023-04-01 02:16:43.787859
0.0

2023-04-01 02:16:46.791781
0.0

2023-04-01 02:16:49.795723
0.0

2023-04-01 02:16:52.799650
0.0
Message sent:

2023-04-01 02:16:55.803255
0.0

----------------------------------------

2023-04-01 14:17:04.458908
0.0

2023-04-01 14:17:07.463019
0.0

2023-04-01 14:17:10.467006
0.0

2023-04-01 14:17:13.470978
0.0

2023-04-01 14:17:16.474998
0.0
Message sent:

2023-04-01 14:17:19.478634
0.0

----------------------------------------

2023-04-02 02:17:28.151406
0.0

2023-04-02 02:17:31.155424
0.0

2023-04-02 02:17:34.159433
0.0

2023-04-02 02:17:37.163474
0.0

2023-04-02 02:17:40.167484
0.0
Message sent:

2023-04-02 02:17:43.171194
0.0

----------------------------------------

2023-04-02 14:17:51.848995
0.0

2023-04-02 14:17:54.852957
0.0

2023-04-02 14:17:57.856807
0.0

2023-04-02 14:18:00.860710
0.0

2023-04-02 14:18:03.864629
0.0
Message sent:

2023-04-02 14:18:06.868288
0.0

----------------------------------------

2023-04-03 02:18:15.535785
0.0

2023-04-03 02:18:18.539665
0.0

2023-04-03 02:18:21.543568
0.0

2023-04-03 02:18:24.547493
0.0

2023-04-03 02:18:27.551439
0.0
Message sent:

2023-04-03 02:18:30.555133
0.0

----------------------------------------

2023-04-03 14:18:39.186968
0.0

2023-04-03 14:18:42.190989
0.0

2023-04-03 14:18:45.194990
0.0

2023-04-03 14:18:48.198982
0.0

2023-04-03 14:18:51.202981
0.0
Message sent:

2023-04-03 14:18:54.206574
0.0

----------------------------------------

2023-04-04 02:19:02.851741
0.0

2023-04-04 02:19:05.855692
0.0

2023-04-04 02:19:08.859542
0.0

2023-04-04 02:19:11.863463
0.0

2023-04-04 02:19:14.867357
0.0
Message sent:

2023-04-04 02:19:17.871016
0.0

----------------------------------------

2023-04-04 14:19:26.518715
0.0

2023-04-04 14:19:29.522918
0.0

2023-04-04 14:19:32.526955
0.0

2023-04-04 14:19:35.530875
0.0

2023-04-04 14:19:38.534975
0.0
Message sent:

2023-04-04 14:19:41.538612
0.0

----------------------------------------

2023-04-05 02:19:50.194917
0.0

2023-04-05 02:19:53.198986
0.0

2023-04-05 02:19:56.202922
0.0

2023-04-05 02:19:59.206987
0.0

2023-04-05 02:20:02.210977
0.0
Message sent:

2023-04-05 02:20:05.214613
0.0

----------------------------------------

2023-04-05 14:20:13.810931
0.0

2023-04-05 14:20:16.814976
0.0

2023-04-05 14:20:19.818986
0.0

2023-04-05 14:20:22.822972
0.0

2023-04-05 14:20:25.826944
0.0
Message sent:

2023-04-05 14:20:28.830567
0.0

----------------------------------------

2023-04-06 02:20:37.463360
0.0

2023-04-06 02:20:40.467391
0.0

2023-04-06 02:20:43.471400
0.0

2023-04-06 02:20:46.475355
0.0

2023-04-06 02:20:49.479342
0.0
Message sent:

2023-04-06 02:20:52.483003
0.0

----------------------------------------

2023-04-06 14:21:01.073506
0.0

2023-04-06 14:21:04.077470
0.0

2023-04-06 14:21:07.081343
0.0

2023-04-06 14:21:10.085268
0.0

2023-04-06 14:21:13.087374
0.0
Message sent:

2023-04-06 14:21:16.091044
0.0

----------------------------------------

2023-04-07 02:21:24.885833
0.0

2023-04-07 02:21:27.889714
0.0

2023-04-07 02:21:30.893633
0.0

2023-04-07 02:21:33.897587
0.0

2023-04-07 02:21:36.901518
0.0
Message sent:

2023-04-07 02:21:39.905156
0.0

----------------------------------------

2023-04-07 14:21:48.530968
0.0

2023-04-07 14:21:51.535012
0.0

2023-04-07 14:21:54.539000
0.0

2023-04-07 14:21:57.543013
0.0

2023-04-07 14:22:00.547006
0.0
Message sent:

2023-04-07 14:22:03.550616
0.0

----------------------------------------

2023-04-08 02:22:12.210958
0.0

2023-04-08 02:22:15.214976
0.0

2023-04-08 02:22:18.218999
0.0

2023-04-08 02:22:21.222999
0.0

2023-04-08 02:22:24.226952
0.0
Message sent:

2023-04-08 02:22:27.230571
0.0

----------------------------------------

2023-04-08 14:22:35.877111
0.0

2023-04-08 14:22:38.881037
0.0

2023-04-08 14:22:41.885003
0.0

2023-04-08 14:22:44.888873
0.0

2023-04-08 14:22:47.892762
0.0
Message sent:

2023-04-08 14:22:50.896398
0.0

----------------------------------------

2023-04-09 02:22:59.565466
0.0

2023-04-09 02:23:02.569437
0.0

2023-04-09 02:23:05.573277
0.0

2023-04-09 02:23:08.577201
0.0

2023-04-09 02:23:11.581140
0.0
Message sent:

2023-04-09 02:23:14.584783
0.0

----------------------------------------

2023-04-09 14:23:23.186975
0.0

2023-04-09 14:23:26.190971
0.0

2023-04-09 14:23:29.195000
0.0

2023-04-09 14:23:32.198979
0.0

2023-04-09 14:23:35.203014
0.0
Message sent:

2023-04-09 14:23:38.206669
0.0

----------------------------------------

2023-04-10 02:23:46.802988
0.0

2023-04-10 02:23:49.807001
0.0

2023-04-10 02:23:52.811000
0.0

2023-04-10 02:23:55.815007
0.0

2023-04-10 02:23:58.819006
0.0
Message sent:

2023-04-10 02:24:01.822610
0.0

----------------------------------------

2023-04-10 14:24:10.430959
0.0

2023-04-10 14:24:13.434982
0.0

2023-04-10 14:24:16.438923
0.0

2023-04-10 14:24:19.442967
0.0

2023-04-10 14:24:22.446935
0.0
Message sent:

2023-04-10 14:24:25.450581
0.0

----------------------------------------

2023-04-11 02:24:34.120569
0.0

2023-04-11 02:24:37.124451
0.0

2023-04-11 02:24:40.128380
0.0

2023-04-11 02:24:43.132374
0.0

2023-04-11 02:24:46.136315
0.0
Message sent:

2023-04-11 02:24:49.139951
0.0

----------------------------------------

2023-04-11 14:24:57.758958
0.0

2023-04-11 14:25:00.762992
0.0

2023-04-11 14:25:03.767002
0.0

2023-04-11 14:25:06.771001
0.0

2023-04-11 14:25:09.775006
0.0
Message sent:

2023-04-11 14:25:12.778582
0.0

----------------------------------------

2023-04-12 02:25:21.531225
0.0

2023-04-12 02:25:24.535290
0.0

2023-04-12 02:25:27.539291
0.0

2023-04-12 02:25:30.543300
0.0

2023-04-12 02:25:33.547203
0.0
Message sent:

2023-04-12 02:25:36.550899
0.0

----------------------------------------

2023-04-12 14:25:45.178958
0.0

2023-04-12 14:25:48.180018
0.0

2023-04-12 14:25:51.183944
0.0

2023-04-12 14:25:54.187795
0.0

2023-04-12 14:25:57.191723
0.0
Message sent:

2023-04-12 14:26:00.195352
0.0

----------------------------------------

2023-04-13 02:26:08.904683
0.0

2023-04-13 02:26:11.908646
0.0

2023-04-13 02:26:14.912551
0.0

2023-04-13 02:26:17.916453
0.0

2023-04-13 02:26:20.920370
0.0
Message sent:

2023-04-13 02:26:23.924002
0.0

----------------------------------------

2023-04-13 14:26:32.599839
0.0

2023-04-13 14:26:35.603788
0.0

2023-04-13 14:26:38.607699
0.0

2023-04-13 14:26:41.611619
0.0

2023-04-13 14:26:44.615555
0.0
Message sent:

2023-04-13 14:26:47.619183
0.0

----------------------------------------

2023-04-14 02:26:56.346985
0.0

2023-04-14 02:26:59.347994
0.0

2023-04-14 02:27:02.352703
0.0

2023-04-14 02:27:05.356695
0.0

2023-04-14 02:27:08.360659
0.0
Message sent:

2023-04-14 02:27:11.364285
0.0

----------------------------------------

2023-04-14 14:27:20.015306
0.0

2023-04-14 14:27:23.019323
0.0

2023-04-14 14:27:26.023222
0.0

2023-04-14 14:27:29.027231
0.0

2023-04-14 14:27:32.031150
0.0
Message sent:

2023-04-14 14:27:35.034841
0.0

----------------------------------------

2023-04-15 02:27:43.707263
0.0

2023-04-15 02:27:46.711293
0.0

2023-04-15 02:27:49.715514
0.0

2023-04-15 02:27:52.719380
0.0

2023-04-15 02:27:55.723335
0.0
Message sent:

2023-04-15 02:27:58.727052
0.0

----------------------------------------

2023-04-15 14:28:07.375808
0.0

2023-04-15 14:28:10.379772
0.0

2023-04-15 14:28:13.383644
0.0

2023-04-15 14:28:16.387540
0.0

2023-04-15 14:28:19.391454
0.0
Message sent:

2023-04-15 14:28:22.395129
0.0

----------------------------------------

2023-04-16 02:28:31.070441
0.0

2023-04-16 02:28:34.074330
0.0

2023-04-16 02:28:37.075546
0.0

2023-04-16 02:28:40.079469
0.0

2023-04-16 02:28:43.083465
0.0
Message sent:

2023-04-16 02:28:46.087156
0.0

----------------------------------------

2023-04-16 14:28:54.746064
0.0

2023-04-16 14:28:57.750037
0.0

2023-04-16 14:29:00.753974
0.0

2023-04-16 14:29:03.757854
0.0

2023-04-16 14:29:06.761759
0.0
Message sent:

2023-04-16 14:29:09.765377
0.0

----------------------------------------

2023-04-17 02:29:18.431983
0.0

2023-04-17 02:29:21.435960
0.0

2023-04-17 02:29:24.439874
0.0

2023-04-17 02:29:27.443801
0.0

2023-04-17 02:29:30.447677
0.0
Message sent:

2023-04-17 02:29:33.451293
0.0

----------------------------------------

2023-04-17 14:29:42.066955
0.0

2023-04-17 14:29:45.070955
0.0

2023-04-17 14:29:48.075030
0.0

2023-04-17 14:29:51.078970
0.0

2023-04-17 14:29:54.082991
0.0
Message sent:

2023-04-17 14:29:57.086629
0.0

----------------------------------------

2023-04-18 02:30:05.682949
0.0

2023-04-18 02:30:08.686983
0.0

2023-04-18 02:30:11.690995
0.0

2023-04-18 02:30:14.694986
0.0

2023-04-18 02:30:17.699010
0.0
Message sent:

2023-04-18 02:30:20.702662
0.0

----------------------------------------

2023-04-18 14:30:29.278992
0.0

2023-04-18 14:30:32.282996
0.0

2023-04-18 14:30:35.287012
0.0

2023-04-18 14:30:38.291013
0.0

2023-04-18 14:30:41.295003
0.0
Message sent:

2023-04-18 14:30:44.298659
0.0

----------------------------------------

2023-04-19 02:30:52.890979
0.0

2023-04-19 02:30:55.891915
0.0

2023-04-19 02:30:58.895845
0.0

2023-04-19 02:31:01.899714
0.0

2023-04-19 02:31:04.903613
0.0
Message sent:

2023-04-19 02:31:07.907245
0.0

----------------------------------------

2023-04-19 14:31:16.635978
0.0

2023-04-19 14:31:19.639939
0.0

2023-04-19 14:31:22.643486
0.0

2023-04-19 14:31:25.647454
0.0

2023-04-19 14:31:28.651428
0.0
Message sent:

2023-04-19 14:31:31.655117
0.0

----------------------------------------

2023-04-20 02:31:40.317141
0.0

2023-04-20 02:31:43.321117
0.0

2023-04-20 02:31:46.325078
0.0

2023-04-20 02:31:49.329013
0.0

2023-04-20 02:31:52.332943
0.0
Message sent:

2023-04-20 02:31:55.336595
0.0

----------------------------------------

2023-04-20 14:32:03.954941
0.0

2023-04-20 14:32:06.958970
0.0

2023-04-20 14:32:09.963017
0.0

2023-04-20 14:32:12.966952
0.0

2023-04-20 14:32:15.970961
0.0
Message sent:

2023-04-20 14:32:18.974548
0.0

----------------------------------------

2023-04-21 02:32:27.583012
0.0

2023-04-21 02:32:30.587002
0.0

2023-04-21 02:32:33.591009
0.0

2023-04-21 02:32:36.595011
0.0

2023-04-21 02:32:39.599002
0.0
Message sent:

2023-04-21 02:32:42.602671
0.0

----------------------------------------

2023-04-21 14:32:51.162976
0.0

2023-04-21 14:32:54.163908
0.0

2023-04-21 14:32:57.167840
0.0

2023-04-21 14:33:00.171722
0.0

2023-04-21 14:33:03.175630
0.0
Message sent:

2023-04-21 14:33:06.179268
0.0

----------------------------------------

2023-04-22 02:33:14.885067
0.0

2023-04-22 02:33:17.889019
0.0

2023-04-22 02:33:20.892965
0.0

2023-04-22 02:33:23.896887
0.0

2023-04-22 02:33:26.900811
0.0
Message sent:

2023-04-22 02:33:29.904408
0.0

----------------------------------------

2023-04-22 14:33:38.514986
0.0

2023-04-22 14:33:41.519010
0.0

2023-04-22 14:33:44.522987
0.0

2023-04-22 14:33:47.526988
0.0

2023-04-22 14:33:50.530894
0.0
Message sent:

2023-04-22 14:33:53.534507
0.0

----------------------------------------

2023-04-23 02:34:02.189485
0.0

2023-04-23 02:34:05.193439
0.0

2023-04-23 02:34:08.197366
0.0

2023-04-23 02:34:11.201202
0.0

2023-04-23 02:34:14.205113
0.0
Message sent:

2023-04-23 02:34:17.208738
0.0

----------------------------------------

2023-04-23 14:34:25.809087
0.0

2023-04-23 14:34:28.813060
0.0

2023-04-23 14:34:31.816944
0.0

2023-04-23 14:34:34.820855
0.0

2023-04-23 14:34:37.824786
0.0
Message sent:

2023-04-23 14:34:40.828424
0.0

----------------------------------------

2023-04-24 02:34:49.426149
0.0

2023-04-24 02:34:52.430088
0.0

2023-04-24 02:34:55.433986
0.0

2023-04-24 02:34:58.437912
0.0

2023-04-24 02:35:01.441813
0.0
Message sent:

2023-04-24 02:35:04.445445
0.0

----------------------------------------

2023-04-24 14:35:13.094562
0.0

2023-04-24 14:35:16.098692
0.0

2023-04-24 14:35:19.102973
0.0

2023-04-24 14:35:22.106966
0.0

2023-04-24 14:35:25.110973
0.0
Message sent:

2023-04-24 14:35:28.114563
0.0

----------------------------------------

2023-04-25 02:35:36.839464
0.0

2023-04-25 02:35:39.843459
0.0

2023-04-25 02:35:42.847418
0.0

2023-04-25 02:35:45.851425
0.0

2023-04-25 02:35:48.855319
0.0
Message sent:

2023-04-25 02:35:51.858993
0.0

----------------------------------------

2023-04-25 14:36:00.435012
0.0

2023-04-25 14:36:03.438976
0.0

2023-04-25 14:36:06.443017
0.0

2023-04-25 14:36:09.446932
0.0

2023-04-25 14:36:12.450958
0.0
Message sent:

2023-04-25 14:36:15.454627
0.0

----------------------------------------

2023-04-26 02:36:24.062980
0.0

2023-04-26 02:36:27.067006
0.0

2023-04-26 02:36:30.071002
0.0

2023-04-26 02:36:33.075014
0.0

2023-04-26 02:36:36.078980
0.0
Message sent:

2023-04-26 02:36:39.082662
0.0

----------------------------------------

2023-04-26 14:36:47.706954
0.0

2023-04-26 14:36:50.707984
0.0

2023-04-26 14:36:53.711913
0.0

2023-04-26 14:36:56.715831
0.0

2023-04-26 14:36:59.719687
0.0
Message sent:

2023-04-26 14:37:02.723331
0.0

----------------------------------------

2023-04-27 02:37:11.410986
0.0

2023-04-27 02:37:14.414980
0.0

2023-04-27 02:37:17.418984
0.0

2023-04-27 02:37:20.422952
0.0

2023-04-27 02:37:23.426970
0.0
Message sent:

2023-04-27 02:37:26.430567
0.0

----------------------------------------

2023-04-27 14:37:35.099750
0.0

2023-04-27 14:37:38.103708
0.0

2023-04-27 14:37:41.107627
0.0

2023-04-27 14:37:44.111576
0.0

2023-04-27 14:37:47.115501
0.0
Message not sent...
----------------------------------------

2023-04-28 02:37:58.714657
0.0

2023-04-28 02:38:01.718960
0.0

2023-04-28 02:38:04.722974
0.0

2023-04-28 02:38:07.727007
0.0

2023-04-28 02:38:10.730989
0.0
Message not sent...
----------------------------------------

2023-04-28 14:38:22.319133
0.0

2023-04-28 14:38:25.323177
0.0

2023-04-28 14:38:28.327190
0.0

2023-04-28 14:38:31.331225
0.0

2023-04-28 14:38:34.335248
0.0
Message not sent...
----------------------------------------

2023-04-29 02:38:45.875003
0.0

2023-04-29 02:38:48.878979
0.0

2023-04-29 02:38:51.882927
0.0

2023-04-29 02:38:54.886964
0.0

2023-04-29 02:38:57.890938
0.0
Message not sent...
----------------------------------------

2023-04-29 14:39:09.486032
0.0

2023-04-29 14:39:12.489990
0.0

2023-04-29 14:39:15.493943
0.0

2023-04-29 14:39:18.497806
0.0

2023-04-29 14:39:21.501712
0.0
Message not sent...
----------------------------------------

2023-04-30 02:39:33.083617
0.0

2023-04-30 02:39:36.087579
0.0

2023-04-30 02:39:39.091395
0.0

2023-04-30 02:39:42.095393
0.0

2023-04-30 02:39:45.099413
0.0
Message not sent...
----------------------------------------

2023-04-30 14:39:56.688807
0.0

2023-04-30 14:39:59.692745
0.0

2023-04-30 14:40:02.696674
0.0

2023-04-30 14:40:05.700599
0.0

2023-04-30 14:40:08.704432
0.0
Message not sent...
----------------------------------------

2023-05-01 02:40:20.210956
0.0

2023-05-01 02:40:23.215717
0.0

2023-05-01 02:40:26.219761
0.0

2023-05-01 02:40:29.223652
0.0

2023-05-01 02:40:32.227590
0.0
Message not sent...
----------------------------------------

2023-05-01 14:40:43.815989
0.0

2023-05-01 14:40:46.819986
0.0

2023-05-01 14:40:49.823857
0.0

2023-05-01 14:40:52.827774
0.0

2023-05-01 14:40:55.831696
0.0
Message not sent...
----------------------------------------

2023-05-02 02:41:07.410944
0.0

2023-05-02 02:41:10.414912
0.0

2023-05-02 02:41:13.418916
0.0

2023-05-02 02:41:16.422960
0.0

2023-05-02 02:41:19.426963
0.0
Message not sent...
----------------------------------------

2023-05-02 14:41:31.016248
0.0

2023-05-02 14:41:34.020213
0.0

2023-05-02 14:41:37.024163
0.0

2023-05-02 14:41:40.028054
0.0

2023-05-02 14:41:43.032018
0.0
Message not sent...
----------------------------------------

2023-05-03 02:41:54.546960
0.0

2023-05-03 02:41:57.551006
0.0

2023-05-03 02:42:00.554955
0.0

2023-05-03 02:42:03.558958
0.0

2023-05-03 02:42:06.562903
0.0
Message not sent...
----------------------------------------

2023-05-03 14:42:18.099035
0.0

2023-05-03 14:42:21.102960
0.0

2023-05-03 14:42:24.106978
0.0

2023-05-03 14:42:27.110966
0.0

2023-05-03 14:42:30.114968
0.0
Message not sent...
----------------------------------------

2023-05-04 02:42:41.708446
0.0

2023-05-04 02:42:44.712412
0.0

2023-05-04 02:42:47.716354
0.0

2023-05-04 02:42:50.720311
0.0

2023-05-04 02:42:53.724250
0.0
Message not sent...
----------------------------------------

2023-05-04 14:43:05.266992
0.0

2023-05-04 14:43:08.270994
0.0

2023-05-04 14:43:11.275010
0.0

2023-05-04 14:43:14.278980
0.0

2023-05-04 14:43:17.282947
0.0
Message not sent...
----------------------------------------

2023-05-05 02:43:28.874122
0.0

2023-05-05 02:43:31.877981
0.0

2023-05-05 02:43:34.879478
0.0

2023-05-05 02:43:37.883365
0.0

2023-05-05 02:43:40.887331
0.0
Message not sent...
----------------------------------------

2023-05-05 14:43:52.481916
0.0

2023-05-05 14:43:55.485902
0.0

2023-05-05 14:43:58.489752
0.0

2023-05-05 14:44:01.493664
0.0

2023-05-05 14:44:04.497589
0.0
Message not sent...
----------------------------------------

2023-05-06 02:44:16.018995
0.0

2023-05-06 02:44:19.022982
0.0

2023-05-06 02:44:22.026999
0.0

2023-05-06 02:44:25.030998
0.0

2023-05-06 02:44:28.034909
0.0
Message not sent...
----------------------------------------

2023-05-06 14:44:39.628991
0.0

2023-05-06 14:44:42.632962
0.0

2023-05-06 14:44:45.636890
0.0

2023-05-06 14:44:48.640806
0.0

2023-05-06 14:44:51.644742
0.0
Message not sent...
----------------------------------------

2023-05-07 02:45:03.186946
0.0

2023-05-07 02:45:06.190984
0.0

2023-05-07 02:45:09.194918
0.0

2023-05-07 02:45:12.198935
0.0

2023-05-07 02:45:15.202937
0.0
Message not sent...
----------------------------------------

2023-05-07 14:45:26.771020
0.0

2023-05-07 14:45:29.774956
0.0

2023-05-07 14:45:32.778998
0.0

2023-05-07 14:45:35.783000
0.0

2023-05-07 14:45:38.786987
0.0
Message not sent...
----------------------------------------

2023-05-08 02:45:50.364855
0.0

2023-05-08 02:45:53.368814
0.0

2023-05-08 02:45:56.371479
0.0

2023-05-08 02:45:59.375449
0.0

2023-05-08 02:46:02.379451
0.0
Message not sent...
----------------------------------------

2023-05-08 14:46:13.938940
0.0

2023-05-08 14:46:16.943002
0.0

2023-05-08 14:46:19.946978
0.0

2023-05-08 14:46:22.950970
0.0

2023-05-08 14:46:25.954985
0.0
Message not sent...
----------------------------------------

2023-05-09 02:46:37.503000
0.0

2023-05-09 02:46:40.507005
0.0

2023-05-09 02:46:43.511000
0.0

2023-05-09 02:46:46.514980
0.0

2023-05-09 02:46:49.518985
0.0
Message not sent...
----------------------------------------

2023-05-09 14:47:01.101665
0.0

2023-05-09 14:47:04.105645
0.0

2023-05-09 14:47:07.109606
0.0

2023-05-09 14:47:10.113556
0.0

2023-05-09 14:47:13.117481
0.0
Message not sent...
----------------------------------------

2023-05-10 02:47:24.774675
0.0

2023-05-10 02:47:27.778974
0.0

2023-05-10 02:47:30.782974
0.0

2023-05-10 02:47:33.787015
0.0

2023-05-10 02:47:36.790968
0.0
Message not sent...
----------------------------------------

2023-05-10 14:47:48.383255
0.0

2023-05-10 14:47:51.387210
0.0

2023-05-10 14:47:54.391224
0.0

2023-05-10 14:47:57.395172
0.0

2023-05-10 14:48:00.399178
0.0
Message not sent...
----------------------------------------

2023-05-11 02:48:11.995167
0.0

2023-05-11 02:48:14.999222
0.0

2023-05-11 02:48:18.003223
0.0

2023-05-11 02:48:21.007234
0.0

2023-05-11 02:48:24.011224
0.0
Message not sent...
----------------------------------------

2023-05-11 14:48:35.571014
0.0

2023-05-11 14:48:38.575004
0.0

2023-05-11 14:48:41.579008
0.0

2023-05-11 14:48:44.583005
0.0

2023-05-11 14:48:47.586933
0.0
Message not sent...
----------------------------------------

2023-05-12 02:48:59.187014
0.0

2023-05-12 02:49:02.190991
0.0

2023-05-12 02:49:05.194979
0.0

2023-05-12 02:49:08.198883
0.0

2023-05-12 02:49:11.202966
0.0
Message not sent...
----------------------------------------

2023-05-12 14:49:22.770941
0.0

2023-05-12 14:49:25.774987
0.0

2023-05-12 14:49:28.778932
0.0

2023-05-12 14:49:31.783003
0.0

2023-05-12 14:49:34.787004
0.0
Message not sent...
----------------------------------------

2023-05-13 02:49:46.377761
0.0

2023-05-13 02:49:49.381638
0.0

2023-05-13 02:49:52.385539
0.0

2023-05-13 02:49:55.389470
0.0

2023-05-13 02:49:58.393397
0.0
Message not sent...
----------------------------------------

2023-05-13 14:50:09.918965
0.0

2023-05-13 14:50:12.922985
0.0

2023-05-13 14:50:15.926974
0.0

2023-05-13 14:50:18.930925
0.0

2023-05-13 14:50:21.934934
0.0
Message not sent...
----------------------------------------

2023-05-14 02:50:33.427026
0.0

2023-05-14 02:50:36.431010
0.0

2023-05-14 02:50:39.434985
0.0

2023-05-14 02:50:42.439016
0.0

2023-05-14 02:50:45.442981
0.0
Message not sent...
----------------------------------------

2023-05-14 14:50:56.986968
0.0

2023-05-14 14:50:59.987947
0.0

2023-05-14 14:51:02.991851
0.0

2023-05-14 14:51:05.995778
0.0

2023-05-14 14:51:08.999690
0.0
Message not sent...
----------------------------------------

2023-05-15 02:51:20.590006
0.0

2023-05-15 02:51:23.593961
0.0

2023-05-15 02:51:26.597895
0.0

2023-05-15 02:51:29.601840
0.0

2023-05-15 02:51:32.605774
0.0
Message not sent...
----------------------------------------

2023-05-15 14:51:44.182697
0.0

2023-05-15 14:51:47.186934
0.0

2023-05-15 14:51:50.190955
0.0

2023-05-15 14:51:53.194978
0.0

2023-05-15 14:51:56.198907
0.0
Message not sent...
----------------------------------------

2023-05-16 02:52:07.783830
0.0

2023-05-16 02:52:10.787718
0.0

2023-05-16 02:52:13.791662
0.0

2023-05-16 02:52:16.795557
0.0

2023-05-16 02:52:19.799488
0.0
Message not sent...
----------------------------------------

2023-05-16 14:52:31.384605
0.0

2023-05-16 14:52:34.388567
0.0

2023-05-16 14:52:37.392419
0.0

2023-05-16 14:52:40.396316
0.0

2023-05-16 14:52:43.400264
0.0
Message not sent...
----------------------------------------

2023-05-17 02:52:55.155018
0.0

2023-05-17 02:52:58.158948
0.0

2023-05-17 02:53:01.162905
0.0

2023-05-17 02:53:04.166908
0.0

2023-05-17 02:53:07.170930
0.0
Message not sent...
----------------------------------------

2023-05-17 14:53:18.738990
0.0

2023-05-17 14:53:21.743009
0.0

2023-05-17 14:53:24.746979
0.0

2023-05-17 14:53:27.750933
0.0

2023-05-17 14:53:30.754969
0.0
Message not sent...
----------------------------------------

2023-05-18 02:53:42.259025
0.0

2023-05-18 02:53:45.262990
0.0

2023-05-18 02:53:48.266920
0.0

2023-05-18 02:53:51.270948
0.0

2023-05-18 02:53:54.274961
0.0
Message not sent...
----------------------------------------

2023-05-18 14:54:05.778641
0.0

2023-05-18 14:54:08.782919
0.0

2023-05-18 14:54:11.786963
0.0

2023-05-18 14:54:14.790967
0.0

2023-05-18 14:54:17.794982
0.0
Message not sent...
----------------------------------------

2023-05-19 02:54:29.362627
0.0

2023-05-19 02:54:32.366975
0.0

2023-05-19 02:54:35.370976
0.0

2023-05-19 02:54:38.375002
0.0

2023-05-19 02:54:41.378996
0.0
Message not sent...
----------------------------------------

2023-05-19 14:54:52.915019
0.0

2023-05-19 14:54:55.918995
0.0
